Excel GDX interface GDX XRW 0003 2002-11-19
Input file : C:\Mis documentos\gamsdir\xllink.gdx
Output file: C:\Mis documentos\gamsdir\HON123D.xls
**** Unable to save XLS file: Imposible obtener acceso a un documento de sólo lectura "HON123D.xls"
Total time = 2145 Ms
Excel GDX interface GDX XRW 0003 2002-11-19
Input file : C:\Mis documentos\gamsdir\xllink.gdx
Output file: C:\Mis documentos\gamsdir\HON123D.xls
**** Unable to save XLS file: Imposible obtener acceso a un documento de sólo lectura "HON123D.xls"
Total time = 2102 Ms
Excel GDX interface GDX XRW 0003 2002-11-19
Input file : C:\Mis documentos\gamsdir\xllink.gdx
Output file: C:\Mis documentos\gamsdir\HON123D.xls
**** Unable to save XLS file: Imposible obtener acceso a un documento de sólo lectura "HON123D.xls"
Total time = 1960 Ms
Excel GDX interface GDX XRW 0003 2002-11-19
Input file : C:\Mis documentos\gamsdir\xllink.gdx
Output file: C:\Mis documentos\gamsdir\HON123D.xls
**** Unable to save XLS file: Imposible obtener acceso a un documento de sólo lectura "HON123D.xls"
Total time = 2089 Ms
Excel GDX interface GDX XRW 0003 2002-11-19
Input file : C:\Mis documentos\gamsdir\xllink.gdx
Output file: C:\Mis documentos\gamsdir\HON123D.xls
**** Unable to save XLS file: Imposible obtener acceso a un documento de sólo lectura "HON123D.xls"
Total time = 2077 Ms
Excel GDX interface GDX XRW 0003 2002-11-19
Input file : C:\Mis documentos\gamsdir\xllink.gdx
Output file: C:\Mis documentos\gamsdir\HON123D.xls
**** Unable to save XLS file: Imposible obtener acceso a un documento de sólo lectura "HON123D.xls"
Total time = 1976 Ms
Excel GDX interface GDX XRW 0003 2002-11-19
Input file : C:\Mis documentos\gamsdir\xllink.gdx
Output file: C:\Mis documentos\gamsdir\HON123D.xls
**** Unable to save XLS file: Imposible obtener acceso a un documento de sólo lectura "HON123D.xls"
Total time = 2063 Ms
Excel GDX interface GDX XRW 0003 2002-11-19
Input file : C:\Mis documentos\gamsdir\xllink.gdx
Output file: C:\Mis documentos\gamsdir\HON123D.xls
**** Unable to save XLS file: Imposible obtener acceso a un documento de sólo lectura "HON123D.xls"
Total time = 2057 Ms
Excel GDX interface GDX XRW 0003 2002-11-19
Input file : C:\Mis documentos\gamsdir\xllink.gdx
Output file: C:\Mis documentos\gamsdir\HON123D.xls
**** Unable to save XLS file: Imposible obtener acceso a un documento de sólo lectura "HON123D.xls"
Total time = 1945 Ms
Excel GDX interface GDX XRW 0003 2002-11-19
Input file : C:\Mis documentos\gamsdir\xllink.gdx
Output file: C:\Mis documentos\gamsdir\HON123D.xls
**** Unable to save XLS file: Imposible obtener acceso a un documento de sólo lectura "HON123D.xls"
Total time = 2008 Ms
Excel GDX interface GDX XRW 0003 2002-11-19
Input file : C:\Mis documentos\gamsdir\xllink.gdx
Output file: C:\Mis documentos\gamsdir\HON123D.xls
**** Unable to save XLS file: Imposible obtener acceso a un documento de sólo lectura "HON123D.xls"
Total time = 1909 Ms
Excel GDX interface GDX XRW 0003 2002-11-19
Input file : C:\Mis documentos\gamsdir\xllink.gdx
Output file: C:\Mis documentos\gamsdir\HON123D.xls
**** Unable to save XLS file: Imposible obtener acceso a un documento de sólo lectura "HON123D.xls"
Total time = 2015 Ms
Excel GDX interface GDX XRW 0003 2002-11-19
Input file : C:\Mis documentos\gamsdir\xllink.gdx
Output file: C:\Mis documentos\gamsdir\HON123D.xls
**** Unable to save XLS file: Imposible obtener acceso a un documento de sólo lectura "HON123D.xls"
Total time = 2021 Ms
Excel GDX interface GDX XRW 0003 2002-11-19
Input file : C:\Mis documentos\gamsdir\xllink.gdx
Output file: C:\Mis documentos\gamsdir\HON123D.xls
**** Unable to save XLS file: Imposible obtener acceso a un documento de sólo lectura "HON123D.xls"
Total time = 2051 Ms
Excel GDX interface GDX XRW 0003 2002-11-19
Input file : C:\Mis documentos\gamsdir\xllink.gdx
Output file: C:\Mis documentos\gamsdir\HON123D.xls
**** Unable to save XLS file: Imposible obtener acceso a un documento de sólo lectura "HON123D.xls"
Total time = 2053 Ms
Excel GDX interface GDX XRW 0003 2002-11-19
Input file : C:\Mis documentos\gamsdir\xllink.gdx
Output file: C:\Mis documentos\gamsdir\HON123D.xls
**** Unable to save XLS file: Imposible obtener acceso a un documento de sólo lectura "HON123D.xls"
Total time = 2028 Ms
Excel GDX interface GDX XRW 0003 2002-11-19
Input file : C:\Mis documentos\gamsdir\xllink.gdx
Output file: C:\Mis documentos\gamsdir\HON123D.xls
**** Unable to save XLS file: Imposible obtener acceso a un documento de sólo lectura "HON123D.xls"
Total time = 1875 Ms
Excel GDX interface GDX XRW 0003 2002-11-19
Input file : C:\Mis documentos\gamsdir\xllink.gdx
Output file: C:\Mis documentos\gamsdir\HON123D.xls
**** Unable to save XLS file: Imposible obtener acceso a un documento de sólo lectura "HON123D.xls"
Total time = 2046 Ms
Excel GDX interface GDX XRW 0003 2002-11-19
Input file : C:\Mis documentos\gamsdir\xllink.gdx
Output file: C:\Mis documentos\gamsdir\HON123D.xls
**** Unable to save XLS file: Imposible obtener acceso a un documento de sólo lectura "HON123D.xls"
Total time = 2094 Ms
Excel GDX interface GDX XRW 0003 2002-11-19
Input file : C:\Mis documentos\gamsdir\xllink.gdx
Output file: C:\Mis documentos\gamsdir\HON123D.xls
**** Unable to save XLS file: Imposible obtener acceso a un documento de sólo lectura "HON123D.xls"
Total time = 2012 Ms
Excel GDX interface GDX XRW 0003 2002-11-19
Input file : C:\Mis documentos\gamsdir\xllink.gdx
Output file: C:\Mis documentos\gamsdir\HON123D.xls
**** Unable to save XLS file: Imposible obtener acceso a un documento de sólo lectura "HON123D.xls"
Total time = 1976 Ms
Excel GDX interface GDX XRW 0003 2002-11-19
Input file : C:\Mis documentos\gamsdir\xllink.gdx
Output file: C:\Mis documentos\gamsdir\HON123D.xls
**** Unable to save XLS file: Imposible obtener acceso a un documento de sólo lectura "HON123D.xls"
Total time = 2070 Ms
Excel GDX interface GDX XRW 0003 2002-11-19
Input file : C:\Mis documentos\gamsdir\xllink.gdx
Output file: C:\Mis documentos\gamsdir\HON123D.xls
**** Unable to save XLS file: Imposible obtener acceso a un documento de sólo lectura "HON123D.xls"
Total time = 1941 Ms
Excel GDX interface GDX XRW 0003 2002-11-19
Input file : C:\Mis documentos\gamsdir\xllink.gdx
Output file: C:\Mis documentos\gamsdir\HON123D.xls
**** Unable to save XLS file: Imposible obtener acceso a un documento de sólo lectura "HON123D.xls"
Total time = 1977 Ms
Excel GDX interface GDX XRW 0003 2002-11-19
Input file : C:\Mis documentos\gamsdir\xllink.gdx
Output file: C:\Mis documentos\gamsdir\HON123D.xls
**** Unable to save XLS file: Imposible obtener acceso a un documento de sólo lectura "HON123D.xls"
Total time = 1980 Ms
Excel GDX interface GDX XRW 0003 2002-11-19
Input file : C:\Mis documentos\gamsdir\xllink.gdx
Output file: C:\Mis documentos\gamsdir\HON123D.xls
**** Unable to save XLS file: Imposible obtener acceso a un documento de sólo lectura "HON123D.xls"
Total time = 2008 Ms
Excel GDX interface GDX XRW 0003 2002-11-19
Input file : C:\Mis documentos\gamsdir\xllink.gdx
Output file: C:\Mis documentos\gamsdir\HON123D.xls
**** Unable to save XLS file: Imposible obtener acceso a un documento de sólo lectura "HON123D.xls"
Total time = 2013 Ms
Excel GDX interface GDX XRW 0003 2002-11-19
Input file : C:\Mis documentos\gamsdir\xllink.gdx
Output file: C:\Mis documentos\gamsdir\HON123D.xls
Adding new sheet: GRPIB
**** Bad name for new sheet: GRPIB
**** Parameter error: Bad data range for symbol GRPIB
Total time = 1925 Ms
