
--- Job trnsport.gms Start 05/23/11 22:38:16 WIN-VS8 23.6.3 x86/MS Windows        
GAMS Rev 236  Copyright (C) 1987-2011 GAMS Development. All rights reserved
Licensee: GAMS Development Corporation, Washington, DC   G871201/0000CA-ANY
          Free Demo,  202-342-0180,  sales@gams.com,  www.gams.com   DC0000
--- Starting compilation
--- trnsport.gms(69) 3 Mb
--- Starting execution: elapsed 0:00:00.140
--- trnsport.gms(45) 4 Mb
--- Generating LP model transport
--- trnsport.gms(66) 4 Mb
---   6 rows  7 columns  19 non-zeroes
--- Executing CONOPT: elapsed 0:00:00.156
CONOPTD 0.1      Dec 13, 2010 23.6.3 WIN 22848.22869 VS8 x86/MS Windows       
 
 
    C O N O P T 3   version 3.14V
    Copyright (C)   ARKI Consulting and Development A/S
                    Bagsvaerdvej 246 A
                    DK-2880 Bagsvaerd, Denmark
 
 
   Iter Phase Ninf   Infeasibility   RGmax    NSB   Step InItr MX OK
      0   0        9.0000000000E+02 (Input point)
                                Pre-triangular equations:        0
                                Post-triangular equations:       1
      1   0        9.0000000000E+02 (After pre-processing)
      2   0        3.5156250000E+00 (After scaling)
 
 ** Feasible solution. Value of objective =    165.600000000
 
   Iter Phase Ninf     Objective     RGmax    NSB   Step InItr MX OK
      4   3        1.5367500000E+02 0.0E+00     0
 
 ** Optimal solution. There are no superbasic variables.
 
--- Restarting execution
--- trnsport.gms(66) 0 Mb
--- Reading solution for model transport
--- Executing after solve: elapsed 0:00:03.094
--- trnsport.gms(68) 3 Mb
*** Status: Normal completion
--- Job trnsport.gms Stop 05/23/11 22:38:19 elapsed 0:00:03.109
